15-03-21 14:19:41 WARN  - Missing config file!
15-03-21 14:19:41 INFO  - An empty config file has been created! Fill it and run the bot.
15-03-21 14:22:22 INFO  - Successfully loaded config!
15-03-21 14:22:22 INFO  - Connecting to Redis...
15-03-21 14:22:22 INFO  - Redisson 3.13.5
15-03-21 14:22:22 ERROR - Couldn't connect to Redis!
15-03-21 14:22:29 INFO  - Successfully loaded config!
15-03-21 14:22:29 INFO  - Connecting to Redis...
15-03-21 14:22:29 INFO  - Redisson 3.13.5
15-03-21 14:22:29 WARN  - An exception was thrown by org.redisson.misc.RedissonPromise$$Lambda$82/0x0000000800cce3c0.operationComplete()
java.util.concurrent.RejectedExecutionException: event executor terminated
	at io.netty.util.concurrent.SingleThreadEventExecutor.reject(SingleThreadEventExecutor.java:926) ~[netty-common-4.1.52.Final.jar:4.1.52.Final]
	at io.netty.util.concurrent.SingleThreadEventExecutor.offerTask(SingleThreadEventExecutor.java:353) ~[netty-common-4.1.52.Final.jar:4.1.52.Final]
	at io.netty.util.concurrent.SingleThreadEventExecutor.addTask(SingleThreadEventExecutor.java:346) ~[netty-common-4.1.52.Final.jar:4.1.52.Final]
	at io.netty.util.concurrent.SingleThreadEventExecutor.execute(SingleThreadEventExecutor.java:828) ~[netty-common-4.1.52.Final.jar:4.1.52.Final]
	at io.netty.util.concurrent.SingleThreadEventExecutor.execute(SingleThreadEventExecutor.java:818) ~[netty-common-4.1.52.Final.jar:4.1.52.Final]
	at io.netty.util.concurrent.AbstractEventExecutorGroup.execute(AbstractEventExecutorGroup.java:115) ~[netty-common-4.1.52.Final.jar:4.1.52.Final]
	at org.redisson.client.RedisClient$3.lambda$operationComplete$0(RedisClient.java:290) ~[redisson-3.13.5.jar:3.13.5]
	at org.redisson.misc.RedissonPromise.lambda$onComplete$0(RedissonPromise.java:183) ~[redisson-3.13.5.jar:3.13.5]
	at io.netty.util.concurrent.DefaultPromise.notifyListener0(DefaultPromise.java:577) ~[netty-common-4.1.52.Final.jar:4.1.52.Final]
	at io.netty.util.concurrent.DefaultPromise.notifyListenersNow(DefaultPromise.java:551) ~[netty-common-4.1.52.Final.jar:4.1.52.Final]
	at io.netty.util.concurrent.DefaultPromise.notifyListeners(DefaultPromise.java:490) ~[netty-common-4.1.52.Final.jar:4.1.52.Final]
	at io.netty.util.concurrent.DefaultPromise.setValue0(DefaultPromise.java:615) ~[netty-common-4.1.52.Final.jar:4.1.52.Final]
	at io.netty.util.concurrent.DefaultPromise.setFailure0(DefaultPromise.java:608) ~[netty-common-4.1.52.Final.jar:4.1.52.Final]
	at io.netty.util.concurrent.DefaultPromise.tryFailure(DefaultPromise.java:117) ~[netty-common-4.1.52.Final.jar:4.1.52.Final]
	at org.redisson.misc.RedissonPromise.tryFailure(RedissonPromise.java:96) ~[redisson-3.13.5.jar:3.13.5]
	at org.redisson.client.handler.BaseConnectionHandler.lambda$channelActive$1(BaseConnectionHandler.java:113) ~[redisson-3.13.5.jar:3.13.5]
	at org.redisson.misc.RedissonPromise.lambda$onComplete$0(RedissonPromise.java:183) ~[redisson-3.13.5.jar:3.13.5]
	at io.netty.util.concurrent.DefaultPromise.notifyListener0(DefaultPromise.java:577) ~[netty-common-4.1.52.Final.jar:4.1.52.Final]
	at io.netty.util.concurrent.DefaultPromise.notifyListeners0(DefaultPromise.java:570) ~[netty-common-4.1.52.Final.jar:4.1.52.Final]
	at io.netty.util.concurrent.DefaultPromise.notifyListenersNow(DefaultPromise.java:549) ~[netty-common-4.1.52.Final.jar:4.1.52.Final]
	at io.netty.util.concurrent.DefaultPromise.notifyListeners(DefaultPromise.java:490) ~[netty-common-4.1.52.Final.jar:4.1.52.Final]
	at io.netty.util.concurrent.DefaultPromise.setValue0(DefaultPromise.java:615) ~[netty-common-4.1.52.Final.jar:4.1.52.Final]
	at io.netty.util.concurrent.DefaultPromise.setFailure0(DefaultPromise.java:608) ~[netty-common-4.1.52.Final.jar:4.1.52.Final]
	at io.netty.util.concurrent.DefaultPromise.tryFailure(DefaultPromise.java:117) ~[netty-common-4.1.52.Final.jar:4.1.52.Final]
	at org.redisson.misc.RedissonPromise.tryFailure(RedissonPromise.java:96) ~[redisson-3.13.5.jar:3.13.5]
	at org.redisson.client.protocol.CommandData.tryFailure(CommandData.java:78) ~[redisson-3.13.5.jar:3.13.5]
	at org.redisson.client.handler.CommandDecoder.decode(CommandDecoder.java:365) ~[redisson-3.13.5.jar:3.13.5]
	at org.redisson.client.handler.CommandPubSubDecoder.decodeCommand(CommandPubSubDecoder.java:83) ~[redisson-3.13.5.jar:3.13.5]
	at org.redisson.client.handler.CommandDecoder.decode(CommandDecoder.java:134) ~[redisson-3.13.5.jar:3.13.5]
	at org.redisson.client.handler.CommandDecoder.decode(CommandDecoder.java:104) ~[redisson-3.13.5.jar:3.13.5]
	at io.netty.handler.codec.ByteToMessageDecoder.decodeRemovalReentryProtection(ByteToMessageDecoder.java:501) ~[netty-codec-4.1.52.Final.jar:4.1.52.Final]
	at io.netty.handler.codec.ReplayingDecoder.callDecode(ReplayingDecoder.java:366) ~[netty-codec-4.1.52.Final.jar:4.1.52.Final]
	at io.netty.handler.codec.ByteToMessageDecoder.channelRead(ByteToMessageDecoder.java:276) ~[netty-codec-4.1.52.Final.jar:4.1.52.Final]
	at io.netty.channel.AbstractChannelHandlerContext.invokeChannelRead(AbstractChannelHandlerContext.java:379) ~[netty-transport-4.1.52.Final.jar:4.1.52.Final]
	at io.netty.channel.AbstractChannelHandlerContext.invokeChannelRead(AbstractChannelHandlerContext.java:365) ~[netty-transport-4.1.52.Final.jar:4.1.52.Final]
	at io.netty.channel.AbstractChannelHandlerContext.fireChannelRead(AbstractChannelHandlerContext.java:357) ~[netty-transport-4.1.52.Final.jar:4.1.52.Final]
	at io.netty.channel.DefaultChannelPipeline$HeadContext.channelRead(DefaultChannelPipeline.java:1410) ~[netty-transport-4.1.52.Final.jar:4.1.52.Final]
	at io.netty.channel.AbstractChannelHandlerContext.invokeChannelRead(AbstractChannelHandlerContext.java:379) ~[netty-transport-4.1.52.Final.jar:4.1.52.Final]
	at io.netty.channel.AbstractChannelHandlerContext.invokeChannelRead(AbstractChannelHandlerContext.java:365) ~[netty-transport-4.1.52.Final.jar:4.1.52.Final]
	at io.netty.channel.DefaultChannelPipeline.fireChannelRead(DefaultChannelPipeline.java:919) ~[netty-transport-4.1.52.Final.jar:4.1.52.Final]
	at io.netty.channel.nio.AbstractNioByteChannel$NioByteUnsafe.read(AbstractNioByteChannel.java:166) ~[netty-transport-4.1.52.Final.jar:4.1.52.Final]
	at io.netty.channel.nio.NioEventLoop.processSelectedKey(NioEventLoop.java:714) ~[netty-transport-4.1.52.Final.jar:4.1.52.Final]
	at io.netty.channel.nio.NioEventLoop.processSelectedKeysOptimized(NioEventLoop.java:650) ~[netty-transport-4.1.52.Final.jar:4.1.52.Final]
	at io.netty.channel.nio.NioEventLoop.processSelectedKeys(NioEventLoop.java:576) ~[netty-transport-4.1.52.Final.jar:4.1.52.Final]
	at io.netty.channel.nio.NioEventLoop.run(NioEventLoop.java:493) ~[netty-transport-4.1.52.Final.jar:4.1.52.Final]
	at io.netty.util.concurrent.SingleThreadEventExecutor$4.run(SingleThreadEventExecutor.java:989) ~[netty-common-4.1.52.Final.jar:4.1.52.Final]
	at io.netty.util.internal.ThreadExecutorMap$2.run(ThreadExecutorMap.java:74) ~[netty-common-4.1.52.Final.jar:4.1.52.Final]
	at io.netty.util.concurrent.FastThreadLocalRunnable.run(FastThreadLocalRunnable.java:30) ~[netty-common-4.1.52.Final.jar:4.1.52.Final]
	at java.base/java.lang.Thread.run(Thread.java:832) ~[na:na]
15-03-21 14:22:29 ERROR - Couldn't connect to Redis!
15-03-21 14:23:55 INFO  - Successfully loaded config!
15-03-21 14:23:55 INFO  - Connecting to Redis...
15-03-21 14:23:55 INFO  - Redisson 3.13.5
15-03-21 14:23:56 ERROR - Couldn't connect to Redis!
15-03-21 14:26:54 INFO  - Successfully loaded config!
15-03-21 14:26:54 INFO  - Connecting to Redis...
15-03-21 14:26:54 INFO  - Redisson 3.13.5
15-03-21 14:26:54 ERROR - Couldn't connect to Redis!
15-03-21 14:29:59 INFO  - Successfully loaded config!
15-03-21 14:29:59 INFO  - Connecting to Redis...
15-03-21 14:29:59 INFO  - Redisson 3.13.5
15-03-21 14:29:59 ERROR - Couldn't connect to Redis!
15-03-21 14:32:05 INFO  - Successfully loaded config!
15-03-21 14:32:05 INFO  - Connecting to Redis...
15-03-21 14:32:05 INFO  - Redisson 3.13.5
15-03-21 14:32:05 ERROR - Couldn't connect to Redis!
15-03-21 14:34:45 INFO  - Successfully loaded config!
15-03-21 14:34:45 INFO  - Connecting to Redis...
15-03-21 14:34:45 INFO  - Redisson 3.13.5
15-03-21 14:34:45 ERROR - Couldn't connect to Redis!
15-03-21 14:35:44 INFO  - Successfully loaded config!
15-03-21 14:35:44 INFO  - Connecting to Redis...
15-03-21 14:35:44 INFO  - Redisson 3.13.5
15-03-21 14:35:44 INFO  - 1 connections initialized for /127.0.0.1:6379
15-03-21 14:35:44 INFO  - 24 connections initialized for /127.0.0.1:6379
15-03-21 14:35:44 INFO  - Successfully connected to Redis!
15-03-21 14:35:45 INFO  - Login Successful!
15-03-21 14:35:45 INFO  - Connected to WebSocket
15-03-21 14:35:46 INFO  - Finished Loading!
15-03-21 14:35:46 INFO  - Ready!
15-03-21 14:35:46 INFO  - Connecting to mail server...
15-03-21 14:35:46 ERROR - Failed to start mail manager!
com.sun.mail.util.MailConnectException: Couldn't connect to host, port: , 993; timeout -1
	at com.sun.mail.imap.IMAPStore.protocolConnect(IMAPStore.java:725) ~[javax.mail-1.5.5.jar:1.5.5]
	at javax.mail.Service.connect(Service.java:366) ~[javax.mail-1.5.5.jar:1.5.5]
	at javax.mail.Service.connect(Service.java:246) ~[javax.mail-1.5.5.jar:1.5.5]
	at fr.irwin.uge.managers.MailManager.getStore(MailManager.java:179) ~[main/:na]
	at fr.irwin.uge.managers.MailManager.<init>(MailManager.java:32) ~[main/:na]
	at fr.irwin.uge.UGEBot.<init>(UGEBot.java:63) ~[main/:na]
	at fr.irwin.uge.UGEBot.main(UGEBot.java:106) ~[main/:na]
Caused by: java.net.ConnectException: Connection refused
	at java.base/sun.nio.ch.Net.connect0(Native Method) ~[na:na]
	at java.base/sun.nio.ch.Net.connect(Net.java:574) ~[na:na]
	at java.base/sun.nio.ch.Net.connect(Net.java:563) ~[na:na]
	at java.base/sun.nio.ch.NioSocketImpl.connect(NioSocketImpl.java:588) ~[na:na]
	at java.base/java.net.SocksSocketImpl.connect(SocksSocketImpl.java:333) ~[na:na]
	at java.base/java.net.Socket.connect(Socket.java:648) ~[na:na]
	at java.base/java.net.Socket.connect(Socket.java:597) ~[na:na]
	at com.sun.mail.util.SocketFetcher.createSocket(SocketFetcher.java:331) ~[javax.mail-1.5.5.jar:1.5.5]
	at com.sun.mail.util.SocketFetcher.getSocket(SocketFetcher.java:238) ~[javax.mail-1.5.5.jar:1.5.5]
	at com.sun.mail.iap.Protocol.<init>(Protocol.java:123) ~[javax.mail-1.5.5.jar:1.5.5]
	at com.sun.mail.imap.protocol.IMAPProtocol.<init>(IMAPProtocol.java:126) ~[javax.mail-1.5.5.jar:1.5.5]
	at com.sun.mail.imap.IMAPStore.newIMAPProtocol(IMAPStore.java:748) ~[javax.mail-1.5.5.jar:1.5.5]
	at com.sun.mail.imap.IMAPStore.protocolConnect(IMAPStore.java:684) ~[javax.mail-1.5.5.jar:1.5.5]
	... 6 common frames omitted
15-03-21 15:02:15 INFO  - Successfully loaded config!
15-03-21 15:02:15 INFO  - Connecting to Redis...
15-03-21 15:02:15 INFO  - Redisson 3.13.5
15-03-21 15:02:15 INFO  - 1 connections initialized for /127.0.0.1:6379
15-03-21 15:02:15 INFO  - 24 connections initialized for /127.0.0.1:6379
15-03-21 15:02:15 INFO  - Successfully connected to Redis!
15-03-21 15:02:16 INFO  - Login Successful!
15-03-21 15:02:16 INFO  - Connected to WebSocket
15-03-21 15:02:17 INFO  - Finished Loading!
15-03-21 15:02:17 INFO  - Ready!
15-03-21 15:02:17 INFO  - Connecting to mail server...
15-03-21 15:02:17 ERROR - Failed to start mail manager!
com.sun.mail.util.MailConnectException: Couldn't connect to host, port: , 993; timeout -1
	at com.sun.mail.imap.IMAPStore.protocolConnect(IMAPStore.java:725) ~[javax.mail-1.5.5.jar:1.5.5]
	at javax.mail.Service.connect(Service.java:366) ~[javax.mail-1.5.5.jar:1.5.5]
	at javax.mail.Service.connect(Service.java:246) ~[javax.mail-1.5.5.jar:1.5.5]
	at fr.irwin.uge.managers.MailManager.getStore(MailManager.java:179) ~[main/:na]
	at fr.irwin.uge.managers.MailManager.<init>(MailManager.java:32) ~[main/:na]
	at fr.irwin.uge.UGEBot.<init>(UGEBot.java:63) ~[main/:na]
	at fr.irwin.uge.UGEBot.main(UGEBot.java:106) ~[main/:na]
Caused by: java.net.ConnectException: Connection refused
	at java.base/sun.nio.ch.Net.connect0(Native Method) ~[na:na]
	at java.base/sun.nio.ch.Net.connect(Net.java:574) ~[na:na]
	at java.base/sun.nio.ch.Net.connect(Net.java:563) ~[na:na]
	at java.base/sun.nio.ch.NioSocketImpl.connect(NioSocketImpl.java:588) ~[na:na]
	at java.base/java.net.SocksSocketImpl.connect(SocksSocketImpl.java:333) ~[na:na]
	at java.base/java.net.Socket.connect(Socket.java:648) ~[na:na]
	at java.base/java.net.Socket.connect(Socket.java:597) ~[na:na]
	at com.sun.mail.util.SocketFetcher.createSocket(SocketFetcher.java:331) ~[javax.mail-1.5.5.jar:1.5.5]
	at com.sun.mail.util.SocketFetcher.getSocket(SocketFetcher.java:238) ~[javax.mail-1.5.5.jar:1.5.5]
	at com.sun.mail.iap.Protocol.<init>(Protocol.java:123) ~[javax.mail-1.5.5.jar:1.5.5]
	at com.sun.mail.imap.protocol.IMAPProtocol.<init>(IMAPProtocol.java:126) ~[javax.mail-1.5.5.jar:1.5.5]
	at com.sun.mail.imap.IMAPStore.newIMAPProtocol(IMAPStore.java:748) ~[javax.mail-1.5.5.jar:1.5.5]
	at com.sun.mail.imap.IMAPStore.protocolConnect(IMAPStore.java:684) ~[javax.mail-1.5.5.jar:1.5.5]
	... 6 common frames omitted
